<?xml version="1.0" encoding="UTF-8"?>
<!-- Generated by org.testng.reporters.JUnitReportReporter -->
<testsuite hostname="DESKTOP-Q90AFIM" failures="0" tests="4" name="testNG.Enabed_demo" time="0.039" errors="0" timestamp="2022-11-15T19:09:11 IST" skipped="2">
  <testcase classname="testNG.Enabed_demo" name="Lenova" time="0.035"/>
  <system-out/>
  <testcase classname="testNG.Enabed_demo" name="acer" time="0.004"/>
  <system-out/>
  <testcase classname="testNG.Enabed_demo" name="hp">
    <skipped/>
  </testcase> <!-- hp -->
  <system-out/>
  <testcase classname="testNG.Enabed_demo" name="samsung">
    <skipped/>
  </testcase> <!-- samsung -->
  <system-out/>
</testsuite> <!-- testNG.Enabed_demo -->
