<?xml version="1.0" encoding="UTF-8"?>
<!-- Generated by org.testng.reporters.JUnitReportReporter -->
<testsuite hostname="DESKTOP-Q90AFIM" failures="0" tests="2" name="testNG.Cross_Browser" time="66.814" errors="0" timestamp="2022-11-19T08:06:25 IST" skipped="0">
  <testcase classname="testNG.Cross_Browser" name="fb" time="23.173"/>
  <system-out/>
  <testcase classname="testNG.Cross_Browser" name="ig" time="43.641"/>
  <system-out/>
</testsuite> <!-- testNG.Cross_Browser -->
