<?xml version="1.0" encoding="UTF-8"?>
<!-- Generated by org.testng.reporters.JUnitReportReporter -->
<testsuite hostname="DESKTOP-Q90AFIM" failures="0" tests="4" name="testNG.Priority_Demo" time="11.921" errors="0" timestamp="2022-11-15T12:26:27 IST" skipped="0">
  <testcase classname="testNG.Priority_Demo" name="getUrl" time="8.254"/>
  <system-out/>
  <testcase classname="testNG.Priority_Demo" name="refresh" time="0.081"/>
  <system-out/>
  <testcase classname="testNG.Priority_Demo" name="credentials" time="3.099"/>
  <system-out/>
  <testcase classname="testNG.Priority_Demo" name="login" time="0.487"/>
  <system-out/>
</testsuite> <!-- testNG.Priority_Demo -->
