<?xml version="1.0" encoding="UTF-8"?>
<!-- Generated by org.testng.reporters.JUnitReportReporter -->
<testsuite hostname="DESKTOP-Q90AFIM" failures="0" tests="2" name="testNG.DataProvider_Runner" time="0.495" errors="0" timestamp="2022-11-19T07:53:47 IST" skipped="0">
  <testcase classname="testNG.DataProvider_Runner" name="StudentData" time="0.486"/>
  <system-out/>
  <testcase classname="testNG.DataProvider_Runner" name="StudentData" time="0.009"/>
  <system-out/>
</testsuite> <!-- testNG.DataProvider_Runner -->
