<?xml version="1.0" encoding="UTF-8"?>
<!-- Generated by org.testng.reporters.JUnitReportReporter -->
<testsuite hostname="DESKTOP-Q90AFIM" failures="0" tests="1" name="com.projectsconcepts.TestNG_Sample" time="0.025" errors="0" timestamp="2022-11-14T13:37:22 IST" skipped="0">
  <testcase classname="com.projectsconcepts.TestNG_Sample" name="test" time="0.025"/>
  <system-out/>
</testsuite> <!-- com.projectsconcepts.TestNG_Sample -->
