<?xml version="1.0" encoding="UTF-8"?>
<!-- Generated by org.testng.reporters.JUnitReportReporter -->
<testsuite hostname="DESKTOP-Q90AFIM" failures="0" tests="2" name="testNG.Groups" time="0.035" errors="0" timestamp="2022-11-15T19:26:36 IST" skipped="0">
  <testcase classname="testNG.Groups" name="iphone" time="0.032"/>
  <system-out/>
  <testcase classname="testNG.Groups" name="samsung" time="0.003"/>
  <system-out/>
</testsuite> <!-- testNG.Groups -->
