<?xml version="1.0" encoding="UTF-8"?>
<!-- Generated by org.testng.reporters.JUnitReportReporter -->
<testsuite hostname="DESKTOP-Q90AFIM" failures="0" tests="2" name="testNG.Parallel_Browser" time="18.671" errors="0" timestamp="2022-11-20T00:14:45 IST" skipped="0">
  <testcase classname="testNG.Parallel_Browser" name="fb" time="12.434"/>
  <system-out/>
  <testcase classname="testNG.Parallel_Browser" name="ig" time="6.237"/>
  <system-out/>
</testsuite> <!-- testNG.Parallel_Browser -->
