<?xml version="1.0" encoding="UTF-8"?>
<!-- Generated by org.testng.reporters.JUnitReportReporter -->
<testsuite hostname="DESKTOP-Q90AFIM" failures="0" tests="14" name="testNG.Adactin_TestNG" time="59.924" errors="0" timestamp="2022-11-20T17:17:26 IST" skipped="1">
  <testcase classname="testNG.Adactin_TestNG" name="url" time="12.368"/>
  <system-out/>
  <testcase classname="testNG.Adactin_TestNG" name="Login" time="8.393"/>
  <system-out/>
  <testcase classname="testNG.Adactin_TestNG" name="select" time="6.391"/>
  <system-out/>
  <testcase classname="testNG.Adactin_TestNG" name="hoteltype" time="2.783"/>
  <system-out/>
  <testcase classname="testNG.Adactin_TestNG" name="date" time="0.505"/>
  <system-out/>
  <testcase classname="testNG.Adactin_TestNG" name="date" time="0.621"/>
  <system-out/>
  <testcase classname="testNG.Adactin_TestNG" name="noofperson" time="0.898"/>
  <system-out/>
  <testcase classname="testNG.Adactin_TestNG" name="search" time="2.240"/>
  <system-out/>
  <testcase classname="testNG.Adactin_TestNG" name="data" time="0.920"/>
  <system-out/>
  <testcase classname="testNG.Adactin_TestNG" name="card" time="1.238"/>
  <system-out/>
  <testcase classname="testNG.Adactin_TestNG" name="book" time="8.744"/>
  <system-out/>
  <testcase classname="testNG.Adactin_TestNG" name="alert" time="3.407"/>
  <system-out/>
  <testcase classname="testNG.Adactin_TestNG" name="username" time="11.416"/>
  <system-out/>
  <testcase classname="testNG.Adactin_TestNG" name="screen">
    <skipped/>
  </testcase> <!-- screen -->
  <system-out/>
</testsuite> <!-- testNG.Adactin_TestNG -->
