<?xml version="1.0" encoding="UTF-8"?>
<!-- Generated by org.testng.reporters.JUnitReportReporter -->
<testsuite hostname="DESKTOP-Q90AFIM" failures="0" tests="6" name="testNG.GroupsOfGroups" time="0.084" errors="0" timestamp="2022-11-19T03:13:23 IST" skipped="0">
  <testcase classname="testNG.GroupsOfGroups" name="samsung" time="0.003"/>
  <system-out/>
  <testcase classname="testNG.GroupsOfGroups" name="iphone" time="0.010"/>
  <system-out/>
  <testcase classname="testNG.GroupsOfGroups" name="Lenova" time="0.039"/>
  <system-out/>
  <testcase classname="testNG.GroupsOfGroups" name="hp" time="0.019"/>
  <system-out/>
  <testcase classname="testNG.GroupsOfGroups" name="re" time="0.009"/>
  <system-out/>
  <testcase classname="testNG.GroupsOfGroups" name="rx" time="0.004"/>
  <system-out/>
</testsuite> <!-- testNG.GroupsOfGroups -->
