<?xml version="1.0" encoding="UTF-8"?>
<!-- Generated by org.testng.reporters.JUnitReportReporter -->
<testsuite hostname="DESKTOP-Q90AFIM" failures="0" tests="3" name="testNG.Expected_Exception" time="5.803" errors="0" timestamp="2022-11-15T13:03:45 IST" skipped="0">
  <testcase classname="testNG.Expected_Exception" name="getUrl" time="4.484"/>
  <system-out/>
  <testcase classname="testNG.Expected_Exception" name="refresh" time="0.036"/>
  <system-out/>
  <testcase classname="testNG.Expected_Exception" name="credentials" time="1.283"/>
  <system-out/>
</testsuite> <!-- testNG.Expected_Exception -->
