<?xml version="1.0" encoding="UTF-8"?>
<!-- Generated by org.testng.reporters.JUnitReportReporter -->
<testsuite hostname="DESKTOP-Q90AFIM" failures="0" tests="2" name="testNG.Description_Demo" time="0.050" errors="0" timestamp="2022-11-15T12:54:37 IST" skipped="0">
  <testcase classname="testNG.Description_Demo" name="age" time="0.036"/>
  <system-out/>
  <testcase classname="testNG.Description_Demo" name="name" time="0.014"/>
  <system-out/>
</testsuite> <!-- testNG.Description_Demo -->
