<?xml version="1.0" encoding="UTF-8"?>
<!-- Generated by org.testng.reporters.JUnitReportReporter -->
<testsuite hostname="DESKTOP-Q90AFIM" failures="0" tests="1" name="testNG.Annotations_Hierarchy" time="0.071" errors="0" timestamp="2022-11-15T11:23:53 IST" skipped="0">
  <testcase classname="testNG.Annotations_Hierarchy" name="test" time="0.071"/>
  <system-out/>
</testsuite> <!-- testNG.Annotations_Hierarchy -->
