<?xml version="1.0" encoding="UTF-8"?>
<!-- Generated by org.testng.reporters.JUnitReportReporter -->
<testsuite hostname="DESKTOP-Q90AFIM" failures="0" tests="3" name="testNG.DependsOnMethods_alwaysRun" time="11.856" errors="0" timestamp="2022-11-15T18:18:28 IST" skipped="0">
  <testcase classname="testNG.DependsOnMethods_alwaysRun" name="password" time="0.266"/>
  <system-out/>
  <testcase classname="testNG.DependsOnMethods_alwaysRun" name="getUrl" time="10.562"/>
  <system-out/>
  <testcase classname="testNG.DependsOnMethods_alwaysRun" name="username" time="1.028"/>
  <system-out/>
</testsuite> <!-- testNG.DependsOnMethods_alwaysRun -->
