<?xml version="1.0" encoding="UTF-8"?>
<!-- Generated by org.testng.reporters.JUnitReportReporter -->
<testsuite hostname="DESKTOP-Q90AFIM" failures="0" tests="5" name="testNG.Enabled_demo" time="0.055" errors="0" timestamp="2022-11-15T19:20:55 IST" skipped="0">
  <testcase classname="testNG.Enabled_demo" name="acer" time="0.005"/>
  <system-out/>
  <testcase classname="testNG.Enabled_demo" name="samsung" time="0.006"/>
  <system-out/>
  <testcase classname="testNG.Enabled_demo" name="hp" time="0.008"/>
  <system-out/>
  <testcase classname="testNG.Enabled_demo" name="iphone" time="0.005"/>
  <system-out/>
  <testcase classname="testNG.Enabled_demo" name="Lenova" time="0.031"/>
  <system-out/>
</testsuite> <!-- testNG.Enabled_demo -->
