<?xml version="1.0" encoding="UTF-8"?>
<!-- Generated by org.testng.reporters.JUnitReportReporter -->
<testsuite hostname="DESKTOP-Q90AFIM" failures="0" tests="2" name="testNG.DataProvider_Utility" time="0.037" errors="0" timestamp="2022-11-19T07:14:04 IST" skipped="0">
  <testcase classname="testNG.DataProvider_Utility" name="login" time="0.033"/>
  <system-out/>
  <testcase classname="testNG.DataProvider_Utility" name="login" time="0.004"/>
  <system-out/>
</testsuite> <!-- testNG.DataProvider_Utility -->
